{"text": "2024-01-26 07:26:25 | INFO    | __main__:stash:131 | run - {'image': '20231121', 'version': '0.10.1.post2', 'role': 'EpicPlayer', 'headless': True}\n", "record": {"elapsed": {"repr": "0:00:01.302120", "seconds": 1.30212}, "exception": null, "extra": {"image": "20231121", "version": "0.10.1.post2", "role": "EpicPlayer", "headless": true}, "file": {"name": "claim.py", "path": "/home/runner/work/Epic-Get/Epic-Get/epic/src/claim.py"}, "function": "stash", "level": {"icon": "‚ÑπÔ∏è", "name": "INFO", "no": 20}, "line": 131, "message": "run", "module": "claim", "name": "__main__", "process": {"id": 3634, "name": "MainProcess"}, "thread": {"id": 139714309286784, "name": "MainThread"}, "time": {"repr": "2024-01-26 07:26:25.761146+08:00", "timestamp": 1706225185.761146}}}
{"text": "2024-01-26 07:26:33 | WARNING    | epic_games.agent:get_order_history:467 | Failed to get order history, cookie may have expired - {}\n", "record": {"elapsed": {"repr": "0:00:08.745078", "seconds": 8.745078}, "exception": null, "extra": {}, "file": {"name": "agent.py", "path": "/home/runner/work/Epic-Get/Epic-Get/epic/src/epic_games/agent.py"}, "function": "get_order_history", "level": {"icon": "‚ö†Ô∏è", "name": "WARNING", "no": 30}, "line": 467, "message": "Failed to get order history, cookie may have expired", "module": "agent", "name": "epic_games.agent", "process": {"id": 3634, "name": "MainProcess"}, "thread": {"id": 139714309286784, "name": "MainThread"}, "time": {"repr": "2024-01-26 07:26:33.204104+08:00", "timestamp": 1706225193.204104}}}
{"text": "2024-01-26 07:26:33 | DEBUG    | __main__:create_tasks:66 | Put task - {'title': 'Infinifactory', 'url': 'https://store.epicgames.com/en-US/p/infinifactory-ec9686'}\n", "record": {"elapsed": {"repr": "0:00:08.922697", "seconds": 8.922697}, "exception": null, "extra": {"title": "Infinifactory", "url": "https://store.epicgames.com/en-US/p/infinifactory-ec9686"}, "file": {"name": "claim.py", "path": "/home/runner/work/Epic-Get/Epic-Get/epic/src/claim.py"}, "function": "create_tasks", "level": {"icon": "üêû", "name": "DEBUG", "no": 10}, "line": 66, "message": "Put task", "module": "claim", "name": "__main__", "process": {"id": 3634, "name": "MainProcess"}, "thread": {"id": 139714309286784, "name": "MainThread"}, "time": {"repr": "2024-01-26 07:26:33.381723+08:00", "timestamp": 1706225193.381723}}}
{"text": "2024-01-26 07:26:38 | INFO    | epic_games.agent:claim_weekly_games:294 | claim_weekly_games - {'action': 'go to store', 'url': 'https://store.epicgames.com/en-US/p/infinifactory-ec9686'}\n", "record": {"elapsed": {"repr": "0:00:13.757194", "seconds": 13.757194}, "exception": null, "extra": {"action": "go to store", "url": "https://store.epicgames.com/en-US/p/infinifactory-ec9686"}, "file": {"name": "agent.py", "path": "/home/runner/work/Epic-Get/Epic-Get/epic/src/epic_games/agent.py"}, "function": "claim_weekly_games", "level": {"icon": "‚ÑπÔ∏è", "name": "INFO", "no": 20}, "line": 294, "message": "claim_weekly_games", "module": "agent", "name": "epic_games.agent", "process": {"id": 3634, "name": "MainProcess"}, "thread": {"id": 139714309286784, "name": "MainThread"}, "time": {"repr": "2024-01-26 07:26:38.216220+08:00", "timestamp": 1706225198.21622}}}
{"text": "2024-01-26 07:26:47 | INFO    | epic_games.agent:claim_weekly_games:326 | claim_weekly_games - {'action': 'move to webPurchaseContainer iframe'}\n", "record": {"elapsed": {"repr": "0:00:22.901960", "seconds": 22.90196}, "exception": null, "extra": {"action": "move to webPurchaseContainer iframe"}, "file": {"name": "agent.py", "path": "/home/runner/work/Epic-Get/Epic-Get/epic/src/epic_games/agent.py"}, "function": "claim_weekly_games", "level": {"icon": "‚ÑπÔ∏è", "name": "INFO", "no": 20}, "line": 326, "message": "claim_weekly_games", "module": "agent", "name": "epic_games.agent", "process": {"id": 3634, "name": "MainProcess"}, "thread": {"id": 139714309286784, "name": "MainThread"}, "time": {"repr": "2024-01-26 07:26:47.360986+08:00", "timestamp": 1706225207.360986}}}
{"text": "2024-01-26 07:26:49 | INFO    | epic_games.agent:claim_weekly_games:328 | claim_weekly_games - {'action': 'click payment button'}\n", "record": {"elapsed": {"repr": "0:00:25.440390", "seconds": 25.44039}, "exception": null, "extra": {"action": "click payment button"}, "file": {"name": "agent.py", "path": "/home/runner/work/Epic-Get/Epic-Get/epic/src/epic_games/agent.py"}, "function": "claim_weekly_games", "level": {"icon": "‚ÑπÔ∏è", "name": "INFO", "no": 20}, "line": 328, "message": "claim_weekly_games", "module": "agent", "name": "epic_games.agent", "process": {"id": 3634, "name": "MainProcess"}, "thread": {"id": 139714309286784, "name": "MainThread"}, "time": {"repr": "2024-01-26 07:26:49.899416+08:00", "timestamp": 1706225209.899416}}}
{"text": "2024-01-26 07:26:54 | DEBUG    | hcaptcha_challenger.agents.playwright.control:_parse_label:241 | get task - {'prompt': 'Plea—ïe find and click on the number 8 in th–µ image b–µlow.'}\n", "record": {"elapsed": {"repr": "0:00:30.443794", "seconds": 30.443794}, "exception": null, "extra": {"prompt": "Plea—ïe find and click on the number 8 in th–µ image b–µlow."}, "file": {"name": "control.py", "path": "/opt/hostedtoolcache/Python/3.10.13/x64/lib/python3.10/site-packages/hcaptcha_challenger/agents/playwright/control.py"}, "function": "_parse_label", "level": {"icon": "üêû", "name": "DEBUG", "no": 10}, "line": 241, "message": "get task", "module": "control", "name": "hcaptcha_challenger.agents.playwright.control", "process": {"id": 3634, "name": "MainProcess"}, "thread": {"id": 139714309286784, "name": "MainThread"}, "time": {"repr": "2024-01-26 07:26:54.902820+08:00", "timestamp": 1706225214.90282}}}
{"text": "2024-01-26 07:26:59 | DEBUG    | epic_games.agent:insert_challenge:106 | task done - {'sattus': 'success'}\n", "record": {"elapsed": {"repr": "0:00:35.417154", "seconds": 35.417154}, "exception": null, "extra": {"sattus": "success"}, "file": {"name": "agent.py", "path": "/home/runner/work/Epic-Get/Epic-Get/epic/src/epic_games/agent.py"}, "function": "insert_challenge", "level": {"icon": "üêû", "name": "DEBUG", "no": 10}, "line": 106, "message": "task done", "module": "agent", "name": "epic_games.agent", "process": {"id": 3634, "name": "MainProcess"}, "thread": {"id": 139714309286784, "name": "MainThread"}, "time": {"repr": "2024-01-26 07:26:59.876180+08:00", "timestamp": 1706225219.87618}}}
{"text": "2024-01-26 07:27:32 | INFO    | epic_games.agent:claim_weekly_games:294 | claim_weekly_games - {'action': 'go to store', 'url': 'https://store.epicgames.com/en-US/p/infinifactory-ec9686'}\n", "record": {"elapsed": {"repr": "0:01:07.590289", "seconds": 67.590289}, "exception": null, "extra": {"action": "go to store", "url": "https://store.epicgames.com/en-US/p/infinifactory-ec9686"}, "file": {"name": "agent.py", "path": "/home/runner/work/Epic-Get/Epic-Get/epic/src/epic_games/agent.py"}, "function": "claim_weekly_games", "level": {"icon": "‚ÑπÔ∏è", "name": "INFO", "no": 20}, "line": 294, "message": "claim_weekly_games", "module": "agent", "name": "epic_games.agent", "process": {"id": 3634, "name": "MainProcess"}, "thread": {"id": 139714309286784, "name": "MainThread"}, "time": {"repr": "2024-01-26 07:27:32.049315+08:00", "timestamp": 1706225252.049315}}}
{"text": "2024-01-26 07:27:40 | INFO    | epic_games.agent:claim_weekly_games:326 | claim_weekly_games - {'action': 'move to webPurchaseContainer iframe'}\n", "record": {"elapsed": {"repr": "0:01:16.046731", "seconds": 76.046731}, "exception": null, "extra": {"action": "move to webPurchaseContainer iframe"}, "file": {"name": "agent.py", "path": "/home/runner/work/Epic-Get/Epic-Get/epic/src/epic_games/agent.py"}, "function": "claim_weekly_games", "level": {"icon": "‚ÑπÔ∏è", "name": "INFO", "no": 20}, "line": 326, "message": "claim_weekly_games", "module": "agent", "name": "epic_games.agent", "process": {"id": 3634, "name": "MainProcess"}, "thread": {"id": 139714309286784, "name": "MainThread"}, "time": {"repr": "2024-01-26 07:27:40.505757+08:00", "timestamp": 1706225260.505757}}}
{"text": "2024-01-26 07:27:42 | INFO    | epic_games.agent:claim_weekly_games:328 | claim_weekly_games - {'action': 'click payment button'}\n", "record": {"elapsed": {"repr": "0:01:18.437842", "seconds": 78.437842}, "exception": null, "extra": {"action": "click payment button"}, "file": {"name": "agent.py", "path": "/home/runner/work/Epic-Get/Epic-Get/epic/src/epic_games/agent.py"}, "function": "claim_weekly_games", "level": {"icon": "‚ÑπÔ∏è", "name": "INFO", "no": 20}, "line": 328, "message": "claim_weekly_games", "module": "agent", "name": "epic_games.agent", "process": {"id": 3634, "name": "MainProcess"}, "thread": {"id": 139714309286784, "name": "MainThread"}, "time": {"repr": "2024-01-26 07:27:42.896868+08:00", "timestamp": 1706225262.896868}}}
{"text": "2024-01-26 07:27:47 | DEBUG    | hcaptcha_challenger.agents.playwright.control:_parse_label:241 | get task - {'prompt': 'Please find and click on the number 8 in the image below.'}\n", "record": {"elapsed": {"repr": "0:01:23.440896", "seconds": 83.440896}, "exception": null, "extra": {"prompt": "Please find and click on the number 8 in the image below."}, "file": {"name": "control.py", "path": "/opt/hostedtoolcache/Python/3.10.13/x64/lib/python3.10/site-packages/hcaptcha_challenger/agents/playwright/control.py"}, "function": "_parse_label", "level": {"icon": "üêû", "name": "DEBUG", "no": 10}, "line": 241, "message": "get task", "module": "control", "name": "hcaptcha_challenger.agents.playwright.control", "process": {"id": 3634, "name": "MainProcess"}, "thread": {"id": 139714309286784, "name": "MainThread"}, "time": {"repr": "2024-01-26 07:27:47.899922+08:00", "timestamp": 1706225267.899922}}}
{"text": "2024-01-26 07:27:52 | DEBUG    | epic_games.agent:insert_challenge:106 | task done - {'sattus': 'success'}\n", "record": {"elapsed": {"repr": "0:01:28.415115", "seconds": 88.415115}, "exception": null, "extra": {"sattus": "success"}, "file": {"name": "agent.py", "path": "/home/runner/work/Epic-Get/Epic-Get/epic/src/epic_games/agent.py"}, "function": "insert_challenge", "level": {"icon": "üêû", "name": "DEBUG", "no": 10}, "line": 106, "message": "task done", "module": "agent", "name": "epic_games.agent", "process": {"id": 3634, "name": "MainProcess"}, "thread": {"id": 139714309286784, "name": "MainThread"}, "time": {"repr": "2024-01-26 07:27:52.874141+08:00", "timestamp": 1706225272.874141}}}
{"text": "2024-01-26 07:28:25 | INFO    | epic_games.agent:claim_weekly_games:294 | claim_weekly_games - {'action': 'go to store', 'url': 'https://store.epicgames.com/en-US/p/infinifactory-ec9686'}\n", "record": {"elapsed": {"repr": "0:02:00.565264", "seconds": 120.565264}, "exception": null, "extra": {"action": "go to store", "url": "https://store.epicgames.com/en-US/p/infinifactory-ec9686"}, "file": {"name": "agent.py", "path": "/home/runner/work/Epic-Get/Epic-Get/epic/src/epic_games/agent.py"}, "function": "claim_weekly_games", "level": {"icon": "‚ÑπÔ∏è", "name": "INFO", "no": 20}, "line": 294, "message": "claim_weekly_games", "module": "agent", "name": "epic_games.agent", "process": {"id": 3634, "name": "MainProcess"}, "thread": {"id": 139714309286784, "name": "MainThread"}, "time": {"repr": "2024-01-26 07:28:25.024290+08:00", "timestamp": 1706225305.02429}}}
{"text": "2024-01-26 07:28:33 | INFO    | epic_games.agent:claim_weekly_games:326 | claim_weekly_games - {'action': 'move to webPurchaseContainer iframe'}\n", "record": {"elapsed": {"repr": "0:02:09.057549", "seconds": 129.057549}, "exception": null, "extra": {"action": "move to webPurchaseContainer iframe"}, "file": {"name": "agent.py", "path": "/home/runner/work/Epic-Get/Epic-Get/epic/src/epic_games/agent.py"}, "function": "claim_weekly_games", "level": {"icon": "‚ÑπÔ∏è", "name": "INFO", "no": 20}, "line": 326, "message": "claim_weekly_games", "module": "agent", "name": "epic_games.agent", "process": {"id": 3634, "name": "MainProcess"}, "thread": {"id": 139714309286784, "name": "MainThread"}, "time": {"repr": "2024-01-26 07:28:33.516575+08:00", "timestamp": 1706225313.516575}}}
{"text": "2024-01-26 07:28:35 | INFO    | epic_games.agent:claim_weekly_games:328 | claim_weekly_games - {'action': 'click payment button'}\n", "record": {"elapsed": {"repr": "0:02:11.484338", "seconds": 131.484338}, "exception": null, "extra": {"action": "click payment button"}, "file": {"name": "agent.py", "path": "/home/runner/work/Epic-Get/Epic-Get/epic/src/epic_games/agent.py"}, "function": "claim_weekly_games", "level": {"icon": "‚ÑπÔ∏è", "name": "INFO", "no": 20}, "line": 328, "message": "claim_weekly_games", "module": "agent", "name": "epic_games.agent", "process": {"id": 3634, "name": "MainProcess"}, "thread": {"id": 139714309286784, "name": "MainThread"}, "time": {"repr": "2024-01-26 07:28:35.943364+08:00", "timestamp": 1706225315.943364}}}
{"text": "2024-01-26 07:28:40 | DEBUG    | hcaptcha_challenger.agents.playwright.control:_parse_label:241 | get task - {'prompt': 'Œ°lease find and click on the number 8 in the image below.'}\n", "record": {"elapsed": {"repr": "0:02:16.486245", "seconds": 136.486245}, "exception": null, "extra": {"prompt": "Œ°lease find and click on the number 8 in the image below."}, "file": {"name": "control.py", "path": "/opt/hostedtoolcache/Python/3.10.13/x64/lib/python3.10/site-packages/hcaptcha_challenger/agents/playwright/control.py"}, "function": "_parse_label", "level": {"icon": "üêû", "name": "DEBUG", "no": 10}, "line": 241, "message": "get task", "module": "control", "name": "hcaptcha_challenger.agents.playwright.control", "process": {"id": 3634, "name": "MainProcess"}, "thread": {"id": 139714309286784, "name": "MainThread"}, "time": {"repr": "2024-01-26 07:28:40.945271+08:00", "timestamp": 1706225320.945271}}}
{"text": "2024-01-26 07:28:47 | DEBUG    | epic_games.agent:insert_challenge:106 | task done - {'sattus': 'success'}\n", "record": {"elapsed": {"repr": "0:02:22.994268", "seconds": 142.994268}, "exception": null, "extra": {"sattus": "success"}, "file": {"name": "agent.py", "path": "/home/runner/work/Epic-Get/Epic-Get/epic/src/epic_games/agent.py"}, "function": "insert_challenge", "level": {"icon": "üêû", "name": "DEBUG", "no": 10}, "line": 106, "message": "task done", "module": "agent", "name": "epic_games.agent", "process": {"id": 3634, "name": "MainProcess"}, "thread": {"id": 139714309286784, "name": "MainThread"}, "time": {"repr": "2024-01-26 07:28:47.453294+08:00", "timestamp": 1706225327.453294}}}
{"text": "2024-01-26 07:29:19 | ERROR    | __main__:run:158 | An error has been caught in function 'run', process 'MainProcess' (3634), thread 'MainThread' (139714309286784): - {}\nTraceback (most recent call last):\n  File \"/home/runner/work/Epic-Get/Epic-Get/epic/src/claim.py\", line 151, in stash\n    await self.claim_epic_games(context)\n  File \"/home/runner/work/Epic-Get/Epic-Get/epic/src/claim.py\", line 122, in claim_epic_games\n    await epic.claim_weekly_games(page, single_promotions)\n  File \"/opt/hostedtoolcache/Python/3.10.13/x64/lib/python3.10/site-packages/tenacity/_asyncio.py\", line 88, in async_wrapped\n    return await fn(*args, **kwargs)\n  File \"/opt/hostedtoolcache/Python/3.10.13/x64/lib/python3.10/site-packages/tenacity/_asyncio.py\", line 47, in __call__\n    do = self.iter(retry_state=retry_state)\n  File \"/opt/hostedtoolcache/Python/3.10.13/x64/lib/python3.10/site-packages/tenacity/__init__.py\", line 325, in iter\n    raise retry_exc.reraise()\n  File \"/opt/hostedtoolcache/Python/3.10.13/x64/lib/python3.10/site-packages/tenacity/__init__.py\", line 158, in reraise\n    raise self.last_attempt.result()\n  File \"/opt/hostedtoolcache/Python/3.10.13/x64/lib/python3.10/concurrent/futures/_base.py\", line 451, in result\n    return self.__get_result()\n  File \"/opt/hostedtoolcache/Python/3.10.13/x64/lib/python3.10/concurrent/futures/_base.py\", line 403, in __get_result\n    raise self._exception\n  File \"/opt/hostedtoolcache/Python/3.10.13/x64/lib/python3.10/site-packages/tenacity/_asyncio.py\", line 50, in __call__\n    result = await fn(*args, **kwargs)\n  File \"/home/runner/work/Epic-Get/Epic-Get/epic/src/epic_games/agent.py\", line 338, in claim_weekly_games\n    await page.wait_for_url(recur_url)\n  File \"/opt/hostedtoolcache/Python/3.10.13/x64/lib/python3.10/site-packages/playwright/async_api/_generated.py\", line 9432, in wait_for_url\n    await self._impl_obj.wait_for_url(\n  File \"/opt/hostedtoolcache/Python/3.10.13/x64/lib/python3.10/site-packages/playwright/_impl/_page.py\", line 508, in wait_for_url\n    return await self._main_frame.wait_for_url(**locals_to_params(locals()))\n  File \"/opt/hostedtoolcache/Python/3.10.13/x64/lib/python3.10/site-packages/playwright/_impl/_frame.py\", line 237, in wait_for_url\n    async with self.expect_navigation(\n  File \"/opt/hostedtoolcache/Python/3.10.13/x64/lib/python3.10/site-packages/playwright/_impl/_event_context_manager.py\", line 33, in __aexit__\n    await self._future\n  File \"/opt/hostedtoolcache/Python/3.10.13/x64/lib/python3.10/site-packages/playwright/_impl/_frame.py\", line 212, in continuation\n    event = await waiter.result()\nplaywright._impl._errors.TimeoutError: Timeout 30000ms exceeded.\n=========================== logs ===========================\nwaiting for navigation to \"https://store.epicgames.com/en-US/cart/success\" until 'load'\n============================================================\n\nDuring handling of the above exception, another exception occurred:\n\nTraceback (most recent call last):\n  File \"/home/runner/work/Epic-Get/Epic-Get/epic/src/claim.py\", line 162, in <module>\n    asyncio.run(run())\n  File \"/opt/hostedtoolcache/Python/3.10.13/x64/lib/python3.10/asyncio/runners.py\", line 44, in run\n    return loop.run_until_complete(main)\n  File \"/opt/hostedtoolcache/Python/3.10.13/x64/lib/python3.10/asyncio/base_events.py\", line 636, in run_until_complete\n    self.run_forever()\n  File \"/opt/hostedtoolcache/Python/3.10.13/x64/lib/python3.10/asyncio/base_events.py\", line 603, in run_forever\n    self._run_once()\n  File \"/opt/hostedtoolcache/Python/3.10.13/x64/lib/python3.10/asyncio/base_events.py\", line 1909, in _run_once\n    handle._run()\n  File \"/opt/hostedtoolcache/Python/3.10.13/x64/lib/python3.10/asyncio/events.py\", line 80, in _run\n    self._context.run(self._callback, *self._args)\n> File \"/home/runner/work/Epic-Get/Epic-Get/epic/src/claim.py\", line 158, in run\n    await agent.stash()\n  File \"/home/runner/work/Epic-Get/Epic-Get/epic/src/claim.py\", line 139, in stash\n    async with async_playwright() as p:\n  File \"/opt/hostedtoolcache/Python/3.10.13/x64/lib/python3.10/site-packages/playwright/async_api/_context_manager.py\", line 58, in __aexit__\n    await self._connection.stop_async()\n  File \"/opt/hostedtoolcache/Python/3.10.13/x64/lib/python3.10/site-packages/playwright/_impl/_connection.py\", line 289, in stop_async\n    self.cleanup()\n  File \"/opt/hostedtoolcache/Python/3.10.13/x64/lib/python3.10/site-packages/playwright/_impl/_connection.py\", line 300, in cleanup\n    callback.future.set_exception(self._closed_error)\nasyncio.exceptions.InvalidStateError: invalid state\n", "record": {"elapsed": {"repr": "0:02:54.863246", "seconds": 174.863246}, "exception": {"type": "InvalidStateError", "value": "invalid state", "traceback": true}, "extra": {}, "file": {"name": "claim.py", "path": "/home/runner/work/Epic-Get/Epic-Get/epic/src/claim.py"}, "function": "run", "level": {"icon": "‚ùå", "name": "ERROR", "no": 40}, "line": 158, "message": "An error has been caught in function 'run', process 'MainProcess' (3634), thread 'MainThread' (139714309286784):", "module": "claim", "name": "__main__", "process": {"id": 3634, "name": "MainProcess"}, "thread": {"id": 139714309286784, "name": "MainThread"}, "time": {"repr": "2024-01-26 07:29:19.322272+08:00", "timestamp": 1706225359.322272}}}
